0 info it worked if it ends with ok
1 verbose cli [ 'C:\\Program Files\\nodejs\\node.exe',
1 verbose cli   'C:\\Users\\Clive\\AppData\\Roaming\\npm\\node_modules\\npm\\bin\\npm-cli.js',
1 verbose cli   'start' ]
2 info using npm@3.10.6
3 info using node@v4.4.7
4 verbose run-script [ 'prestart', 'start', 'poststart' ]
5 info lifecycle toastserv@1.0.0~prestart: toastserv@1.0.0
6 silly lifecycle toastserv@1.0.0~prestart: no script for prestart, continuing
7 info lifecycle toastserv@1.0.0~start: toastserv@1.0.0
8 verbose lifecycle toastserv@1.0.0~start: unsafe-perm in lifecycle true
9 verbose lifecycle toastserv@1.0.0~start: PATH: C:\Users\Clive\AppData\Roaming\npm\node_modules\npm\bin\node-gyp-bin;C:\Users\Clive\github\toastserv\node_modules\.bin;C:\Users\Clive\bin;C:\Users\Clive\AppData\Local\Programs\Git\mingw64\bin;C:\Users\Clive\AppData\Local\Programs\Git\usr\local\bin;C:\Users\Clive\AppData\Local\Programs\Git\usr\bin;C:\Users\Clive\AppData\Local\Programs\Git\usr\bin;C:\Users\Clive\AppData\Local\Programs\Git\mingw64\bin;C:\Users\Clive\AppData\Local\Programs\Git\usr\bin;C:\Users\Clive\bin;C:\Program Files (x86)\Intel\iCLS Client;C:\Program Files\Intel\iCLS Client;C:\windows\system32;C:\windows;C:\windows\System32\Wbem;C:\windows\System32\WindowsPowerShell\v1.0;C:\Program Files\Intel\Intel(R) Management Engine Components\DAL;C:\Program Files (x86)\Intel\Intel(R) Management Engine Components\DAL;C:\Program Files\Intel\Intel(R) Management Engine Components\IPT;C:\Program Files (x86)\Intel\Intel(R) Management Engine Components\IPT;C:\Program Files\Intel\WiFi\bin;C:\Program Files\Common Files\Intel\WirelessCommon;C:\Program Files (x86)\Heroku\bin;C:\Program Files (x86)\git\cmd;C:\Program Files\MiKTeX 2.9\miktex\bin\x64;C:\MinGW\bin;C:\Program Files (x86)\Skype\Phone;C:\Program Files\Git LFS;C:\Program Files (x86)\GNU\GnuPG\pub;C:\WINDOWS\system32;C:\WINDOWS;C:\WINDOWS\System32\Wbem;C:\WINDOWS\System32\WindowsPowerShell\v1.0;C:\Program Files\nodejs;C:\Program Fi;C:\Program Files (x86)\Bitvise SSH Client;C:\Anaconda3;C:\Anaconda3\Scripts;C:\Anaconda3\Library\bin;C:\Go\bin;C:\Program Files\TortoiseSVN\bin;C:\WINDOWS\system32;C:\WINDOWS;C:\WINDOWS\System32\Wbem;C:\WINDOWS\System32\WindowsPowerShell\v1.0;C:\Program Files (x86)\GtkSharp\2.12\bin;C:\Ruby21\bin;C:\Program Files (x86)\Intel\iCLS Client;C:\Program Files\Intel\iCLS Client;C:\windows\system32;C:\windows;C:\windows\System32\Wbem;C:\windows\System32\WindowsPowerShell\v1.0;C:\Program Files\Intel\Intel(R) Management Engine Components\DAL;C:\Program Files (x86)\Intel\Intel(R) Management Engine Components\DAL;C:\Program Files\Intel\Intel(R) Management Engine Components\IPT;C:\Program Files (x86)\Intel\Intel(R) Management Engine Components\IPT;C:\Program Files\Intel\WiFi\bin;C:\Program Files\Common Files\Intel\WirelessCommon;C:\Program Files (Manual)\al_al;C:\Program Files (Manual)\nasm-2.11.08-win32\nasm-2.11.08;C:\Program Files (Manual)\Nmap;C:\MinGW\bin;C:\Program Files\PostgreSQL\9.4\bin;C:\Users\Clive\AppData\Local\atom\bin;C:\Program Files\Java\jdk1.8.0_92\bin;C:\Program Files (x86)\CMake\bin;C:\Program Files\Docker Toolbox;C:\Program Files\R\R-3.2.3\bin;C:\Program Files (Manual)\apache-maven-3.3.9\bin;C:\Users\Clive\AppData\Roaming\npm;C:\Users\Clive\AppData\Local\Programs\Git\cmd;C:\Users\Clive\AppData\Local\Microsoft\WindowsApps;C:\Users\Clive\AppData\Local\Programs\Git\usr\bin\vendor_perl;C:\Users\Clive\AppData\Local\Programs\Git\usr\bin\core_perl;C:\Program Files (x86)\GNU\GnuPG\pub;C:\Program Files (Manual)\apache-maven-3.3.9\bin;C:\Program Files\Java\jdk1.8.0_92\bin;C:\Program Files (x86)\GnuWin32\bin\;C:\Program Files (Manual)\rb-dev\bin\;C:\Program Files (Manual)\hub\bin
10 verbose lifecycle toastserv@1.0.0~start: CWD: C:\Users\Clive\github\toastserv
11 silly lifecycle toastserv@1.0.0~start: Args: [ '/d /s /c', 'coffee server.coffee' ]
12 silly lifecycle toastserv@1.0.0~start: Returned: code: 1  signal: null
13 info lifecycle toastserv@1.0.0~start: Failed to exec start script
14 verbose stack Error: toastserv@1.0.0 start: `coffee server.coffee`
14 verbose stack Exit status 1
14 verbose stack     at EventEmitter.<anonymous> (C:\Users\Clive\AppData\Roaming\npm\node_modules\npm\lib\utils\lifecycle.js:255:16)
14 verbose stack     at emitTwo (events.js:87:13)
14 verbose stack     at EventEmitter.emit (events.js:172:7)
14 verbose stack     at ChildProcess.<anonymous> (C:\Users\Clive\AppData\Roaming\npm\node_modules\npm\lib\utils\spawn.js:40:14)
14 verbose stack     at emitTwo (events.js:87:13)
14 verbose stack     at ChildProcess.emit (events.js:172:7)
14 verbose stack     at maybeClose (internal/child_process.js:827:16)
14 verbose stack     at Process.ChildProcess._handle.onexit (internal/child_process.js:211:5)
15 verbose pkgid toastserv@1.0.0
16 verbose cwd C:\Users\Clive\github\toastserv
17 error Windows_NT 10.0.14393
18 error argv "C:\\Program Files\\nodejs\\node.exe" "C:\\Users\\Clive\\AppData\\Roaming\\npm\\node_modules\\npm\\bin\\npm-cli.js" "start"
19 error node v4.4.7
20 error npm  v3.10.6
21 error code ELIFECYCLE
22 error toastserv@1.0.0 start: `coffee server.coffee`
22 error Exit status 1
23 error Failed at the toastserv@1.0.0 start script 'coffee server.coffee'.
23 error Make sure you have the latest version of node.js and npm installed.
23 error If you do, this is most likely a problem with the toastserv package,
23 error not with npm itself.
23 error Tell the author that this fails on your system:
23 error     coffee server.coffee
23 error You can get information on how to open an issue for this project with:
23 error     npm bugs toastserv
23 error Or if that isn't available, you can get their info via:
23 error     npm owner ls toastserv
23 error There is likely additional logging output above.
24 verbose exit [ 1, true ]
